<?xml version="1.0" encoding="UTF-8"?>
<testng-results skipped="0" failed="0" ignored="0" total="0" passed="0">
  <reporter-output>
  </reporter-output>
  <suite name="Amazon Automation Script " duration-ms="3" started-at="2019-05-21T18:18:48Z" finished-at="2019-05-21T18:18:48Z">
    <groups>
    </groups>
    <test name="Amazon Test" duration-ms="3" started-at="2019-05-21T18:18:48Z" finished-at="2019-05-21T18:18:48Z">
    </test> <!-- Amazon Test -->
  </suite> <!-- Amazon Automation Script  -->
</testng-results>
